<?xml version="1.0" encoding="UTF-8"?>
<!-- Generated by org.testng.reporters.JUnitXMLReporter -->
<testsuite ignored="1" hostname="EPINBANW03EA" failures="0" tests="2" name="MyNumberTest" time="0.026" errors="0" timestamp="2022-06-12T20:45:56 IST">
  <testcase classname="org.test.TestNGGroupTest" name="method1" time="0.004"/>
  <testcase classname="org.test.TestNGGroupTest" name="method2" time="0.001"/>
  <testcase classname="org.test.TestNGGroupTest" name="method3" time="0.0">
    <ignored/>
  </testcase> <!-- method3 -->
</testsuite> <!-- MyNumberTest -->
